2023-02-28 15:48:10,994 [Worker-8: Loading available Gradle versions] INFO  o.e.b.c.i.u.g.PublishedGradleVersions - Gradle version information cache is up-to-date. Trying to read.
2023-02-28 15:50:20,817 [Worker-22: Updating Maven Dependencies] INFO  o.e.m.c.i.l.LifecycleMappingFactory - Using org.eclipse.m2e.jdt.JarLifecycleMapping lifecycle mapping for MavenProject: br.com.cruz.vita.criptografia:cruz-vita-usuario-criptografia:0.0.1-SNAPSHOT @ C:\workspace\atividade-login-microsservice\cruz-vita-usuario-criptografia\pom.xml.
2023-02-28 15:50:29,581 [Worker-23: Building] INFO  o.e.m.c.i.embedder.EclipseLogger - Using 'UTF-8' encoding to copy filtered resources.
2023-02-28 15:50:29,601 [Worker-23: Building] INFO  o.e.m.c.i.embedder.EclipseLogger - Copying 0 resource
2023-02-28 15:50:29,607 [Worker-23: Building] INFO  o.e.m.c.i.embedder.EclipseLogger - Copying 1 resource
2023-02-28 15:50:29,642 [Worker-23: Building] INFO  o.e.m.c.i.embedder.EclipseLogger - Using 'UTF-8' encoding to copy filtered resources.
2023-02-28 15:50:29,642 [Worker-23: Building] INFO  o.e.m.c.i.embedder.EclipseLogger - skip non existing resourceDirectory C:\workspace\atividade-login-microsservice\cruz-vita-usuario-criptografia\src\test\resources
2023-02-28 15:51:23,165 [Worker-23: Building] INFO  o.e.m.c.i.embedder.EclipseLogger - Using 'UTF-8' encoding to copy filtered resources.
2023-02-28 15:51:23,175 [Worker-23: Building] INFO  o.e.m.c.i.embedder.EclipseLogger - Copying 0 resource
2023-02-28 15:51:23,176 [Worker-23: Building] INFO  o.e.m.c.i.embedder.EclipseLogger - Copying 0 resource
2023-02-28 15:51:23,187 [Worker-23: Building] INFO  o.e.m.c.i.embedder.EclipseLogger - Using 'UTF-8' encoding to copy filtered resources.
2023-02-28 15:51:23,187 [Worker-23: Building] INFO  o.e.m.c.i.embedder.EclipseLogger - skip non existing resourceDirectory C:\workspace\atividade-login-microsservice\cruz-vita-usuario-criptografia\src\test\resources
2023-02-28 15:53:01,738 [Worker-23: Building] INFO  o.e.m.c.i.embedder.EclipseLogger - Using 'UTF-8' encoding to copy filtered resources.
2023-02-28 15:53:01,748 [Worker-23: Building] INFO  o.e.m.c.i.embedder.EclipseLogger - Copying 0 resource
2023-02-28 15:53:01,751 [Worker-23: Building] INFO  o.e.m.c.i.embedder.EclipseLogger - Copying 1 resource
2023-02-28 15:53:01,759 [Worker-23: Building] INFO  o.e.m.c.i.embedder.EclipseLogger - Using 'UTF-8' encoding to copy filtered resources.
2023-02-28 15:53:01,759 [Worker-23: Building] INFO  o.e.m.c.i.embedder.EclipseLogger - skip non existing resourceDirectory C:\workspace\atividade-login-microsservice\cruz-vita-usuario-criptografia\src\test\resources
2023-02-28 15:55:51,330 [Worker-26: Building] INFO  o.e.m.c.i.embedder.EclipseLogger - Using 'UTF-8' encoding to copy filtered resources.
2023-02-28 15:55:51,362 [Worker-26: Building] INFO  o.e.m.c.i.embedder.EclipseLogger - Copying 0 resource
2023-02-28 15:55:51,365 [Worker-26: Building] INFO  o.e.m.c.i.embedder.EclipseLogger - Copying 1 resource
2023-02-28 15:55:51,371 [Worker-26: Building] INFO  o.e.m.c.i.embedder.EclipseLogger - Using 'UTF-8' encoding to copy filtered resources.
2023-02-28 15:55:51,371 [Worker-26: Building] INFO  o.e.m.c.i.embedder.EclipseLogger - skip non existing resourceDirectory C:\workspace\atividade-login-microsservice\cruz-vita-usuario-criptografia\src\test\resources
2023-02-28 15:56:50,235 [Worker-26: Building] INFO  o.e.m.c.i.embedder.EclipseLogger - Using 'UTF-8' encoding to copy filtered resources.
2023-02-28 15:56:50,239 [Worker-26: Building] INFO  o.e.m.c.i.embedder.EclipseLogger - Copying 0 resource
2023-02-28 15:56:50,242 [Worker-26: Building] INFO  o.e.m.c.i.embedder.EclipseLogger - Copying 1 resource
2023-02-28 15:56:50,251 [Worker-26: Building] INFO  o.e.m.c.i.embedder.EclipseLogger - Using 'UTF-8' encoding to copy filtered resources.
2023-02-28 15:56:50,252 [Worker-26: Building] INFO  o.e.m.c.i.embedder.EclipseLogger - skip non existing resourceDirectory C:\workspace\atividade-login-microsservice\cruz-vita-usuario-criptografia\src\test\resources
2023-02-28 15:57:21,252 [Worker-25: Building] INFO  o.e.m.c.i.embedder.EclipseLogger - Using 'UTF-8' encoding to copy filtered resources.
2023-02-28 15:57:21,255 [Worker-25: Building] INFO  o.e.m.c.i.embedder.EclipseLogger - Copying 0 resource
2023-02-28 15:57:21,257 [Worker-25: Building] INFO  o.e.m.c.i.embedder.EclipseLogger - Copying 1 resource
2023-02-28 15:57:21,265 [Worker-25: Building] INFO  o.e.m.c.i.embedder.EclipseLogger - Using 'UTF-8' encoding to copy filtered resources.
2023-02-28 15:57:21,265 [Worker-25: Building] INFO  o.e.m.c.i.embedder.EclipseLogger - skip non existing resourceDirectory C:\workspace\atividade-login-microsservice\cruz-vita-usuario-criptografia\src\test\resources
2023-02-28 16:12:33,684 [Worker-37: Updating Maven Project] INFO  o.e.m.c.i.p.ProjectConfigurationManager - Update started
2023-02-28 16:12:33,710 [Worker-37: Updating Maven Project] INFO  o.e.m.c.i.p.ProjectConfigurationManager - Update completed for 1 poms: local refresh takes 0,00 sec, refresh facades takes 0,00 sec, update config takes 0,00 sec 
2023-02-28 16:12:45,772 [Worker-39: Updating Maven Project] INFO  o.e.m.c.i.p.ProjectConfigurationManager - Update started
2023-02-28 16:12:45,785 [Worker-39: Updating Maven Project] INFO  o.e.m.c.i.p.ProjectConfigurationManager - Update completed for 1 poms: local refresh takes 0,00 sec, refresh facades takes 0,00 sec, update config takes 0,00 sec 
2023-02-28 16:12:51,099 [main] INFO  o.e.m2e.actions.ExecutePomAction - Creating new launch configuration
2023-02-28 16:13:03,359 [Worker-39: Launching cruz-vita-usuario-criptografia] INFO  o.eclipse.m2e.core.internal.Bundles - getClasspathEntries(Bundle=org.eclipse.m2e.maven.runtime_3.8.604.20221130-2149 [603])
2023-02-28 16:13:03,372 [Worker-39: Launching cruz-vita-usuario-criptografia] INFO  o.eclipse.m2e.core.internal.Bundles - 	Entry: C:\Users\hartu\.p2\pool\plugins\org.eclipse.m2e.maven.runtime_3.8.604.20221130-2149
2023-02-28 16:13:03,374 [Worker-39: Launching cruz-vita-usuario-criptografia] INFO  o.eclipse.m2e.core.internal.Bundles - 	Entry: C:\Users\hartu\.p2\pool\plugins\org.eclipse.m2e.maven.runtime_3.8.604.20221130-2149\jars\aether-connector-okhttp-0.17.8.jar
2023-02-28 16:13:03,376 [Worker-39: Launching cruz-vita-usuario-criptografia] INFO  o.eclipse.m2e.core.internal.Bundles - 	Entry: C:\Users\hartu\.p2\pool\plugins\org.eclipse.m2e.maven.runtime_3.8.604.20221130-2149\jars\commons-cli-1.4.jar
2023-02-28 16:13:03,377 [Worker-39: Launching cruz-vita-usuario-criptografia] INFO  o.eclipse.m2e.core.internal.Bundles - 	Entry: C:\Users\hartu\.p2\pool\plugins\org.eclipse.m2e.maven.runtime_3.8.604.20221130-2149\jars\commons-io-2.6.jar
2023-02-28 16:13:03,379 [Worker-39: Launching cruz-vita-usuario-criptografia] INFO  o.eclipse.m2e.core.internal.Bundles - 	Entry: C:\Users\hartu\.p2\pool\plugins\org.eclipse.m2e.maven.runtime_3.8.604.20221130-2149\jars\commons-lang3-3.8.1.jar
2023-02-28 16:13:03,381 [Worker-39: Launching cruz-vita-usuario-criptografia] INFO  o.eclipse.m2e.core.internal.Bundles - 	Entry: C:\Users\hartu\.p2\pool\plugins\org.eclipse.m2e.maven.runtime_3.8.604.20221130-2149\jars\guice-4.2.2-no_aop.jar
2023-02-28 16:13:03,383 [Worker-39: Launching cruz-vita-usuario-criptografia] INFO  o.eclipse.m2e.core.internal.Bundles - 	Entry: C:\Users\hartu\.p2\pool\plugins\org.eclipse.m2e.maven.runtime_3.8.604.20221130-2149\jars\jansi-2.4.0.jar
2023-02-28 16:13:03,384 [Worker-39: Launching cruz-vita-usuario-criptografia] INFO  o.eclipse.m2e.core.internal.Bundles - 	Entry: C:\Users\hartu\.p2\pool\plugins\org.eclipse.m2e.maven.runtime_3.8.604.20221130-2149\jars\maven-artifact-3.8.6.jar
2023-02-28 16:13:03,385 [Worker-39: Launching cruz-vita-usuario-criptografia] INFO  o.eclipse.m2e.core.internal.Bundles - 	Entry: C:\Users\hartu\.p2\pool\plugins\org.eclipse.m2e.maven.runtime_3.8.604.20221130-2149\jars\maven-builder-support-3.8.6.jar
2023-02-28 16:13:03,386 [Worker-39: Launching cruz-vita-usuario-criptografia] INFO  o.eclipse.m2e.core.internal.Bundles - 	Entry: C:\Users\hartu\.p2\pool\plugins\org.eclipse.m2e.maven.runtime_3.8.604.20221130-2149\jars\maven-compat-3.8.6.jar
2023-02-28 16:13:03,388 [Worker-39: Launching cruz-vita-usuario-criptografia] INFO  o.eclipse.m2e.core.internal.Bundles - 	Entry: C:\Users\hartu\.p2\pool\plugins\org.eclipse.m2e.maven.runtime_3.8.604.20221130-2149\jars\maven-core-3.8.6.jar
2023-02-28 16:13:03,390 [Worker-39: Launching cruz-vita-usuario-criptografia] INFO  o.eclipse.m2e.core.internal.Bundles - 	Entry: C:\Users\hartu\.p2\pool\plugins\org.eclipse.m2e.maven.runtime_3.8.604.20221130-2149\jars\maven-embedder-3.8.6.jar
2023-02-28 16:13:03,391 [Worker-39: Launching cruz-vita-usuario-criptografia] INFO  o.eclipse.m2e.core.internal.Bundles - 	Entry: C:\Users\hartu\.p2\pool\plugins\org.eclipse.m2e.maven.runtime_3.8.604.20221130-2149\jars\maven-model-3.8.6.jar
2023-02-28 16:13:03,393 [Worker-39: Launching cruz-vita-usuario-criptografia] INFO  o.eclipse.m2e.core.internal.Bundles - 	Entry: C:\Users\hartu\.p2\pool\plugins\org.eclipse.m2e.maven.runtime_3.8.604.20221130-2149\jars\maven-model-builder-3.8.6.jar
2023-02-28 16:13:03,394 [Worker-39: Launching cruz-vita-usuario-criptografia] INFO  o.eclipse.m2e.core.internal.Bundles - 	Entry: C:\Users\hartu\.p2\pool\plugins\org.eclipse.m2e.maven.runtime_3.8.604.20221130-2149\jars\maven-plugin-api-3.8.6.jar
2023-02-28 16:13:03,395 [Worker-39: Launching cruz-vita-usuario-criptografia] INFO  o.eclipse.m2e.core.internal.Bundles - 	Entry: C:\Users\hartu\.p2\pool\plugins\org.eclipse.m2e.maven.runtime_3.8.604.20221130-2149\jars\maven-repository-metadata-3.8.6.jar
2023-02-28 16:13:03,396 [Worker-39: Launching cruz-vita-usuario-criptografia] INFO  o.eclipse.m2e.core.internal.Bundles - 	Entry: C:\Users\hartu\.p2\pool\plugins\org.eclipse.m2e.maven.runtime_3.8.604.20221130-2149\jars\maven-resolver-api-1.6.3.jar
2023-02-28 16:13:03,397 [Worker-39: Launching cruz-vita-usuario-criptografia] INFO  o.eclipse.m2e.core.internal.Bundles - 	Entry: C:\Users\hartu\.p2\pool\plugins\org.eclipse.m2e.maven.runtime_3.8.604.20221130-2149\jars\maven-resolver-connector-basic-1.6.3.jar
2023-02-28 16:13:03,398 [Worker-39: Launching cruz-vita-usuario-criptografia] INFO  o.eclipse.m2e.core.internal.Bundles - 	Entry: C:\Users\hartu\.p2\pool\plugins\org.eclipse.m2e.maven.runtime_3.8.604.20221130-2149\jars\maven-resolver-impl-1.6.3.jar
2023-02-28 16:13:03,400 [Worker-39: Launching cruz-vita-usuario-criptografia] INFO  o.eclipse.m2e.core.internal.Bundles - 	Entry: C:\Users\hartu\.p2\pool\plugins\org.eclipse.m2e.maven.runtime_3.8.604.20221130-2149\jars\maven-resolver-provider-3.8.6.jar
2023-02-28 16:13:03,401 [Worker-39: Launching cruz-vita-usuario-criptografia] INFO  o.eclipse.m2e.core.internal.Bundles - 	Entry: C:\Users\hartu\.p2\pool\plugins\org.eclipse.m2e.maven.runtime_3.8.604.20221130-2149\jars\maven-resolver-spi-1.6.3.jar
2023-02-28 16:13:03,402 [Worker-39: Launching cruz-vita-usuario-criptografia] INFO  o.eclipse.m2e.core.internal.Bundles - 	Entry: C:\Users\hartu\.p2\pool\plugins\org.eclipse.m2e.maven.runtime_3.8.604.20221130-2149\jars\maven-resolver-transport-wagon-1.6.3.jar
2023-02-28 16:13:03,404 [Worker-39: Launching cruz-vita-usuario-criptografia] INFO  o.eclipse.m2e.core.internal.Bundles - 	Entry: C:\Users\hartu\.p2\pool\plugins\org.eclipse.m2e.maven.runtime_3.8.604.20221130-2149\jars\maven-resolver-util-1.6.3.jar
2023-02-28 16:13:03,405 [Worker-39: Launching cruz-vita-usuario-criptografia] INFO  o.eclipse.m2e.core.internal.Bundles - 	Entry: C:\Users\hartu\.p2\pool\plugins\org.eclipse.m2e.maven.runtime_3.8.604.20221130-2149\jars\maven-settings-3.8.6.jar
2023-02-28 16:13:03,406 [Worker-39: Launching cruz-vita-usuario-criptografia] INFO  o.eclipse.m2e.core.internal.Bundles - 	Entry: C:\Users\hartu\.p2\pool\plugins\org.eclipse.m2e.maven.runtime_3.8.604.20221130-2149\jars\maven-settings-builder-3.8.6.jar
2023-02-28 16:13:03,407 [Worker-39: Launching cruz-vita-usuario-criptografia] INFO  o.eclipse.m2e.core.internal.Bundles - 	Entry: C:\Users\hartu\.p2\pool\plugins\org.eclipse.m2e.maven.runtime_3.8.604.20221130-2149\jars\maven-shared-utils-3.3.4.jar
2023-02-28 16:13:03,409 [Worker-39: Launching cruz-vita-usuario-criptografia] INFO  o.eclipse.m2e.core.internal.Bundles - 	Entry: C:\Users\hartu\.p2\pool\plugins\org.eclipse.m2e.maven.runtime_3.8.604.20221130-2149\jars\okhttp-3.14.1.jar
2023-02-28 16:13:03,411 [Worker-39: Launching cruz-vita-usuario-criptografia] INFO  o.eclipse.m2e.core.internal.Bundles - 	Entry: C:\Users\hartu\.p2\pool\plugins\org.eclipse.m2e.maven.runtime_3.8.604.20221130-2149\jars\okio-1.17.3.jar
2023-02-28 16:13:03,413 [Worker-39: Launching cruz-vita-usuario-criptografia] INFO  o.eclipse.m2e.core.internal.Bundles - 	Entry: C:\Users\hartu\.p2\pool\plugins\org.eclipse.m2e.maven.runtime_3.8.604.20221130-2149\jars\org.eclipse.sisu.inject-0.3.5.jar
2023-02-28 16:13:03,414 [Worker-39: Launching cruz-vita-usuario-criptografia] INFO  o.eclipse.m2e.core.internal.Bundles - 	Entry: C:\Users\hartu\.p2\pool\plugins\org.eclipse.m2e.maven.runtime_3.8.604.20221130-2149\jars\org.eclipse.sisu.plexus-0.3.5.jar
2023-02-28 16:13:03,415 [Worker-39: Launching cruz-vita-usuario-criptografia] INFO  o.eclipse.m2e.core.internal.Bundles - 	Entry: C:\Users\hartu\.p2\pool\plugins\org.eclipse.m2e.maven.runtime_3.8.604.20221130-2149\jars\plexus-build-api-0.0.7.jar
2023-02-28 16:13:03,416 [Worker-39: Launching cruz-vita-usuario-criptografia] INFO  o.eclipse.m2e.core.internal.Bundles - 	Entry: C:\Users\hartu\.p2\pool\plugins\org.eclipse.m2e.maven.runtime_3.8.604.20221130-2149\jars\plexus-cipher-2.0.jar
2023-02-28 16:13:03,418 [Worker-39: Launching cruz-vita-usuario-criptografia] INFO  o.eclipse.m2e.core.internal.Bundles - 	Entry: C:\Users\hartu\.p2\pool\plugins\org.eclipse.m2e.maven.runtime_3.8.604.20221130-2149\jars\plexus-classworlds-2.6.0.jar
2023-02-28 16:13:03,419 [Worker-39: Launching cruz-vita-usuario-criptografia] INFO  o.eclipse.m2e.core.internal.Bundles - 	Entry: C:\Users\hartu\.p2\pool\plugins\org.eclipse.m2e.maven.runtime_3.8.604.20221130-2149\jars\plexus-component-annotations-2.1.0.jar
2023-02-28 16:13:03,421 [Worker-39: Launching cruz-vita-usuario-criptografia] INFO  o.eclipse.m2e.core.internal.Bundles - 	Entry: C:\Users\hartu\.p2\pool\plugins\org.eclipse.m2e.maven.runtime_3.8.604.20221130-2149\jars\plexus-interpolation-1.26.jar
2023-02-28 16:13:03,423 [Worker-39: Launching cruz-vita-usuario-criptografia] INFO  o.eclipse.m2e.core.internal.Bundles - 	Entry: C:\Users\hartu\.p2\pool\plugins\org.eclipse.m2e.maven.runtime_3.8.604.20221130-2149\jars\plexus-sec-dispatcher-2.0.jar
2023-02-28 16:13:03,424 [Worker-39: Launching cruz-vita-usuario-criptografia] INFO  o.eclipse.m2e.core.internal.Bundles - 	Entry: C:\Users\hartu\.p2\pool\plugins\org.eclipse.m2e.maven.runtime_3.8.604.20221130-2149\jars\plexus-utils-3.3.1.jar
2023-02-28 16:13:03,425 [Worker-39: Launching cruz-vita-usuario-criptografia] INFO  o.eclipse.m2e.core.internal.Bundles - 	Entry: C:\Users\hartu\.p2\pool\plugins\org.eclipse.m2e.maven.runtime_3.8.604.20221130-2149\jars\wagon-file-3.5.1.jar
2023-02-28 16:13:03,426 [Worker-39: Launching cruz-vita-usuario-criptografia] INFO  o.eclipse.m2e.core.internal.Bundles - 	Entry: C:\Users\hartu\.p2\pool\plugins\org.eclipse.m2e.maven.runtime_3.8.604.20221130-2149\jars\wagon-provider-api-3.5.1.jar
2023-02-28 16:13:03,427 [Worker-39: Launching cruz-vita-usuario-criptografia] INFO  o.eclipse.m2e.core.internal.Bundles - getClasspathEntries(Bundle=com.google.guava_30.1.0.v20221112-0806 [10])
2023-02-28 16:13:03,432 [Worker-39: Launching cruz-vita-usuario-criptografia] INFO  o.eclipse.m2e.core.internal.Bundles - 	Entry: C:\Users\hartu\.p2\pool\plugins\com.google.guava_30.1.0.v20221112-0806.jar
2023-02-28 16:13:03,432 [Worker-39: Launching cruz-vita-usuario-criptografia] INFO  o.eclipse.m2e.core.internal.Bundles - getClasspathEntries(Bundle=slf4j.api_1.7.36 [915])
2023-02-28 16:13:03,437 [Worker-39: Launching cruz-vita-usuario-criptografia] INFO  o.eclipse.m2e.core.internal.Bundles - 	Entry: C:\Users\hartu\.p2\pool\plugins\slf4j.api_1.7.36.jar
2023-02-28 16:13:03,437 [Worker-39: Launching cruz-vita-usuario-criptografia] INFO  o.eclipse.m2e.core.internal.Bundles - getClasspathEntries(Bundle=javax.inject_1.0.0.v20220405-0441 [32])
2023-02-28 16:13:03,441 [Worker-39: Launching cruz-vita-usuario-criptografia] INFO  o.eclipse.m2e.core.internal.Bundles - 	Entry: C:\Users\hartu\.p2\pool\plugins\javax.inject_1.0.0.v20220405-0441.jar
2023-02-28 16:13:03,441 [Worker-39: Launching cruz-vita-usuario-criptografia] INFO  o.eclipse.m2e.core.internal.Bundles - getClasspathEntries(Bundle=javax.annotation_1.3.5.v20221112-0806 [30])
2023-02-28 16:13:03,444 [Worker-39: Launching cruz-vita-usuario-criptografia] INFO  o.eclipse.m2e.core.internal.Bundles - 	Entry: C:\Users\hartu\.p2\pool\plugins\javax.annotation_1.3.5.v20221112-0806.jar
2023-02-28 16:13:03,451 [Worker-39: Launching cruz-vita-usuario-criptografia] INFO  o.e.m.i.launch.MavenLaunchDelegate - Run build in "C:\workspace\atividade-login-microsservice\cruz-vita-usuario-criptografia":
2023-02-28 16:13:03,452 [Worker-39: Launching cruz-vita-usuario-criptografia] INFO  o.e.m.i.launch.MavenLaunchDelegate -  mvn  -B -Dstyle.color=always clean install
2023-02-28 16:13:15,521 [Worker-36: Updating Maven Project] INFO  o.e.m.c.i.p.ProjectConfigurationManager - Update started
2023-02-28 16:13:15,535 [Worker-36: Updating Maven Project] INFO  o.e.m.c.i.p.ProjectConfigurationManager - Update completed for 1 poms: local refresh takes 0,00 sec, refresh facades takes 0,00 sec, update config takes 0,00 sec 
